<?xml version="1.0" encoding="UTF-8"?>
<!-- Generated by org.testng.reporters.JUnitReportReporter -->
<testsuite hostname="LAPTOP-1TJHLAK9" failures="0" tests="4" name="test_script.LoginTest" time="19.836" errors="0" timestamp="2026-08-27T13:29:32 IST" skipped="0">
  <testcase classname="test_script.LoginTest" name="verifyUserIsabletologinwithvalidcredentials" time="3.712"/>
  <testcase classname="test_script.LoginTest" name="verifyUserIsabletologinwithInvalidcredentials" time="2.902"/>
  <testcase classname="test_script.LoginTest" name="verifyUserIsabletologinwithValidUsernameAndInValidPassWord" time="10.462"/>
  <testcase classname="test_script.LoginTest" name="verifyUserIsabletologinwithInvalidUsernameAndValidPassword" time="2.760"/>
</testsuite> <!-- test_script.LoginTest -->
