<?xml version="1.0" encoding="UTF-8"?>
<!-- Generated by org.testng.reporters.JUnitReportReporter -->
<testsuite hostname="LAPTOP-1TJHLAK9" failures="0" tests="4" name="test_script.LoginTest" time="30.270" errors="0" timestamp="2026-08-19T21:34:17 IST" skipped="0">
  <testcase classname="test_script.LoginTest" name="verifyUserIsabletologinwithvalidcredentials" time="7.849"/>
  <testcase classname="test_script.LoginTest" name="verifyUserIsabletologinwithInvalidcredentials" time="6.512"/>
  <testcase classname="test_script.LoginTest" name="verifyUserIsabletologinwithValidUsernameAndInValidPassWord" time="6.422"/>
  <testcase classname="test_script.LoginTest" name="verifyUserIsabletologinwithInvalidUsernameAndValidPassword" time="9.487"/>
</testsuite> <!-- test_script.LoginTest -->
