<?xml version="1.0" encoding="UTF-8"?>
<testng-results ignored="0" total="4" passed="4" failed="0" skipped="0">
  <reporter-output>
  </reporter-output>
  <suite started-at="2026-08-19T21:33:45 IST" name="Suite" finished-at="2026-08-19T21:34:16 IST" duration-ms="30393">
    <groups>
      <group name="regression">
        <method signature="LoginTest.verifyUserIsabletologinwithvalidcredentials()[pri:1, instance:test_script.LoginTest@117159c0]" name="verifyUserIsabletologinwithvalidcredentials" class="test_script.LoginTest"/>
      </group> <!-- regression -->
    </groups>
    <test started-at="2026-08-19T21:33:45 IST" name="Test" finished-at="2026-08-19T21:34:16 IST" duration-ms="30393">
      <class name="test_script.LoginTest">
        <test-method is-config="true" signature="browserInitialization(java.lang.String)[pri:0, instance:test_script.LoginTest@117159c0]" started-at="2026-08-19T21:33:46 IST" name="browserInitialization" finished-at="2026-08-19T21:33:51 IST" duration-ms="5425" status="PASS">
          <params>
            <param index="0">
              <value>
                <![CDATA[chrome]]>
              </value>
            </param>
          </params>
          <reporter-output>
          </reporter-output>
        </test-method> <!-- browserInitialization -->
        <test-method signature="verifyUserIsabletologinwithvalidcredentials()[pri:1, instance:test_script.LoginTest@117159c0]" started-at="2026-08-19T21:33:51 IST" name="verifyUserIsabletologinwithvalidcredentials" finished-at="2026-08-19T21:33:54 IST" duration-ms="3182" status="PASS">
          <reporter-output>
          </reporter-output>
        </test-method> <!-- verifyUserIsabletologinwithvalidcredentials -->
        <test-method is-config="true" signature="browserQuitandClose(org.testng.ITestResult)[pri:0, instance:test_script.LoginTest@117159c0]" started-at="2026-08-19T21:33:54 IST" name="browserQuitandClose" finished-at="2026-08-19T21:33:54 IST" duration-ms="2" status="PASS">
          <params>
            <param index="0">
              <value>
                <![CDATA[[TestResult name=verifyUserIsabletologinwithvalidcredentials status=SUCCESS method=LoginTest.verifyUserIsabletologinwithvalidcredentials()[pri:1, instance:test_script.LoginTest@117159c0] output={null}]]]>
              </value>
            </param>
          </params>
          <reporter-output>
          </reporter-output>
        </test-method> <!-- browserQuitandClose -->
        <test-method is-config="true" signature="browserInitialization(java.lang.String)[pri:0, instance:test_script.LoginTest@117159c0]" started-at="2026-08-19T21:33:54 IST" name="browserInitialization" finished-at="2026-08-19T21:33:59 IST" duration-ms="4666" status="PASS">
          <params>
            <param index="0">
              <value>
                <![CDATA[chrome]]>
              </value>
            </param>
          </params>
          <reporter-output>
          </reporter-output>
        </test-method> <!-- browserInitialization -->
        <test-method signature="verifyUserIsabletologinwithInvalidcredentials()[pri:2, instance:test_script.LoginTest@117159c0]" started-at="2026-08-19T21:33:59 IST" name="verifyUserIsabletologinwithInvalidcredentials" finished-at="2026-08-19T21:34:00 IST" duration-ms="890" status="PASS">
          <reporter-output>
          </reporter-output>
        </test-method> <!-- verifyUserIsabletologinwithInvalidcredentials -->
        <test-method is-config="true" signature="browserQuitandClose(org.testng.ITestResult)[pri:0, instance:test_script.LoginTest@117159c0]" started-at="2026-08-19T21:34:00 IST" name="browserQuitandClose" finished-at="2026-08-19T21:34:00 IST" duration-ms="1" status="PASS">
          <params>
            <param index="0">
              <value>
                <![CDATA[[TestResult name=verifyUserIsabletologinwithInvalidcredentials status=SUCCESS method=LoginTest.verifyUserIsabletologinwithInvalidcredentials()[pri:2, instance:test_script.LoginTest@117159c0] output={null}]]]>
              </value>
            </param>
          </params>
          <reporter-output>
          </reporter-output>
        </test-method> <!-- browserQuitandClose -->
        <test-method is-config="true" signature="browserInitialization(java.lang.String)[pri:0, instance:test_script.LoginTest@117159c0]" started-at="2026-08-19T21:34:00 IST" name="browserInitialization" finished-at="2026-08-19T21:34:05 IST" duration-ms="5621" status="PASS">
          <params>
            <param index="0">
              <value>
                <![CDATA[chrome]]>
              </value>
            </param>
          </params>
          <reporter-output>
          </reporter-output>
        </test-method> <!-- browserInitialization -->
        <test-method signature="verifyUserIsabletologinwithValidUsernameAndInValidPassWord()[pri:3, instance:test_script.LoginTest@117159c0]" started-at="2026-08-19T21:34:05 IST" name="verifyUserIsabletologinwithValidUsernameAndInValidPassWord" finished-at="2026-08-19T21:34:06 IST" duration-ms="995" status="PASS">
          <reporter-output>
          </reporter-output>
        </test-method> <!-- verifyUserIsabletologinwithValidUsernameAndInValidPassWord -->
        <test-method is-config="true" signature="browserQuitandClose(org.testng.ITestResult)[pri:0, instance:test_script.LoginTest@117159c0]" started-at="2026-08-19T21:34:06 IST" name="browserQuitandClose" finished-at="2026-08-19T21:34:06 IST" duration-ms="0" status="PASS">
          <params>
            <param index="0">
              <value>
                <![CDATA[[TestResult name=verifyUserIsabletologinwithValidUsernameAndInValidPassWord status=SUCCESS method=LoginTest.verifyUserIsabletologinwithValidUsernameAndInValidPassWord()[pri:3, instance:test_script.LoginTest@117159c0] output={null}]]]>
              </value>
            </param>
          </params>
          <reporter-output>
          </reporter-output>
        </test-method> <!-- browserQuitandClose -->
        <test-method is-config="true" signature="browserInitialization(java.lang.String)[pri:0, instance:test_script.LoginTest@117159c0]" started-at="2026-08-19T21:34:06 IST" name="browserInitialization" finished-at="2026-08-19T21:34:14 IST" duration-ms="7890" status="PASS">
          <params>
            <param index="0">
              <value>
                <![CDATA[chrome]]>
              </value>
            </param>
          </params>
          <reporter-output>
          </reporter-output>
        </test-method> <!-- browserInitialization -->
        <test-method signature="verifyUserIsabletologinwithInvalidUsernameAndValidPassword()[pri:4, instance:test_script.LoginTest@117159c0]" started-at="2026-08-19T21:34:14 IST" name="verifyUserIsabletologinwithInvalidUsernameAndValidPassword" finished-at="2026-08-19T21:34:16 IST" duration-ms="1597" status="PASS">
          <reporter-output>
          </reporter-output>
        </test-method> <!-- verifyUserIsabletologinwithInvalidUsernameAndValidPassword -->
        <test-method is-config="true" signature="browserQuitandClose(org.testng.ITestResult)[pri:0, instance:test_script.LoginTest@117159c0]" started-at="2026-08-19T21:34:16 IST" name="browserQuitandClose" finished-at="2026-08-19T21:34:16 IST" duration-ms="1" status="PASS">
          <params>
            <param index="0">
              <value>
                <![CDATA[[TestResult name=verifyUserIsabletologinwithInvalidUsernameAndValidPassword status=SUCCESS method=LoginTest.verifyUserIsabletologinwithInvalidUsernameAndValidPassword()[pri:4, instance:test_script.LoginTest@117159c0] output={null}]]]>
              </value>
            </param>
          </params>
          <reporter-output>
          </reporter-output>
        </test-method> <!-- browserQuitandClose -->
      </class> <!-- test_script.LoginTest -->
    </test> <!-- Test -->
  </suite> <!-- Suite -->
</testng-results>
