<?xml version="1.0" encoding="UTF-8"?>
<testng-results ignored="0" total="4" passed="4" failed="0" skipped="0">
  <reporter-output>
  </reporter-output>
  <suite started-at="2026-08-27T13:29:12 IST" name="Suite" finished-at="2026-08-27T13:29:32 IST" duration-ms="19926">
    <groups>
      <group name="regression">
        <method signature="LoginTest.verifyUserIsabletologinwithvalidcredentials()[pri:1, instance:test_script.LoginTest@117159c0]" name="verifyUserIsabletologinwithvalidcredentials" class="test_script.LoginTest"/>
      </group> <!-- regression -->
    </groups>
    <test started-at="2026-08-27T13:29:12 IST" name="Test" finished-at="2026-08-27T13:29:32 IST" duration-ms="19926">
      <class name="test_script.LoginTest">
        <test-method is-config="true" signature="browserInitialization(java.lang.String)[pri:0, instance:test_script.LoginTest@117159c0]" started-at="2026-08-27T13:29:12 IST" name="browserInitialization" finished-at="2026-08-27T13:29:21 IST" duration-ms="9787" status="PASS">
          <params>
            <param index="0">
              <value>
                <![CDATA[chrome]]>
              </value>
            </param>
          </params>
          <reporter-output>
          </reporter-output>
        </test-method> <!-- browserInitialization -->
        <test-method signature="verifyUserIsabletologinwithvalidcredentials()[pri:1, instance:test_script.LoginTest@117159c0]" started-at="2026-08-27T13:29:21 IST" name="verifyUserIsabletologinwithvalidcredentials" description="testcase of loginpage" finished-at="2026-08-27T13:29:23 IST" duration-ms="1911" status="PASS">
          <reporter-output>
          </reporter-output>
        </test-method> <!-- verifyUserIsabletologinwithvalidcredentials -->
        <test-method is-config="true" signature="browserQuitandClose(org.testng.ITestResult)[pri:0, instance:test_script.LoginTest@117159c0]" started-at="2026-08-27T13:29:23 IST" name="browserQuitandClose" finished-at="2026-08-27T13:29:23 IST" duration-ms="2" status="PASS">
          <params>
            <param index="0">
              <value>
                <![CDATA[[TestResult name=verifyUserIsabletologinwithvalidcredentials status=SUCCESS method=LoginTest.verifyUserIsabletologinwithvalidcredentials()[pri:1, instance:test_script.LoginTest@117159c0] output={null}]]]>
              </value>
            </param>
          </params>
          <reporter-output>
          </reporter-output>
        </test-method> <!-- browserQuitandClose -->
        <test-method is-config="true" signature="browserInitialization(java.lang.String)[pri:0, instance:test_script.LoginTest@117159c0]" started-at="2026-08-27T13:29:23 IST" name="browserInitialization" finished-at="2026-08-27T13:29:25 IST" duration-ms="1800" status="PASS">
          <params>
            <param index="0">
              <value>
                <![CDATA[chrome]]>
              </value>
            </param>
          </params>
          <reporter-output>
          </reporter-output>
        </test-method> <!-- browserInitialization -->
        <test-method signature="verifyUserIsabletologinwithInvalidcredentials()[pri:2, instance:test_script.LoginTest@117159c0]" started-at="2026-08-27T13:29:25 IST" name="verifyUserIsabletologinwithInvalidcredentials" finished-at="2026-08-27T13:29:26 IST" duration-ms="781" status="PASS">
          <reporter-output>
          </reporter-output>
        </test-method> <!-- verifyUserIsabletologinwithInvalidcredentials -->
        <test-method is-config="true" signature="browserQuitandClose(org.testng.ITestResult)[pri:0, instance:test_script.LoginTest@117159c0]" started-at="2026-08-27T13:29:26 IST" name="browserQuitandClose" finished-at="2026-08-27T13:29:26 IST" duration-ms="1" status="PASS">
          <params>
            <param index="0">
              <value>
                <![CDATA[[TestResult name=verifyUserIsabletologinwithInvalidcredentials status=SUCCESS method=LoginTest.verifyUserIsabletologinwithInvalidcredentials()[pri:2, instance:test_script.LoginTest@117159c0] output={null}]]]>
              </value>
            </param>
          </params>
          <reporter-output>
          </reporter-output>
        </test-method> <!-- browserQuitandClose -->
        <test-method is-config="true" signature="browserInitialization(java.lang.String)[pri:0, instance:test_script.LoginTest@117159c0]" started-at="2026-08-27T13:29:26 IST" name="browserInitialization" finished-at="2026-08-27T13:29:28 IST" duration-ms="1923" status="PASS">
          <params>
            <param index="0">
              <value>
                <![CDATA[chrome]]>
              </value>
            </param>
          </params>
          <reporter-output>
          </reporter-output>
        </test-method> <!-- browserInitialization -->
        <test-method signature="verifyUserIsabletologinwithValidUsernameAndInValidPassWord()[pri:3, instance:test_script.LoginTest@117159c0]" started-at="2026-08-27T13:29:28 IST" name="verifyUserIsabletologinwithValidUsernameAndInValidPassWord" finished-at="2026-08-27T13:29:29 IST" duration-ms="674" status="PASS">
          <reporter-output>
          </reporter-output>
        </test-method> <!-- verifyUserIsabletologinwithValidUsernameAndInValidPassWord -->
        <test-method is-config="true" signature="browserQuitandClose(org.testng.ITestResult)[pri:0, instance:test_script.LoginTest@117159c0]" started-at="2026-08-27T13:29:29 IST" name="browserQuitandClose" finished-at="2026-08-27T13:29:29 IST" duration-ms="1" status="PASS">
          <params>
            <param index="0">
              <value>
                <![CDATA[[TestResult name=verifyUserIsabletologinwithValidUsernameAndInValidPassWord status=SUCCESS method=LoginTest.verifyUserIsabletologinwithValidUsernameAndInValidPassWord()[pri:3, instance:test_script.LoginTest@117159c0] output={null}]]]>
              </value>
            </param>
          </params>
          <reporter-output>
          </reporter-output>
        </test-method> <!-- browserQuitandClose -->
        <test-method is-config="true" signature="browserInitialization(java.lang.String)[pri:0, instance:test_script.LoginTest@117159c0]" started-at="2026-08-27T13:29:29 IST" name="browserInitialization" finished-at="2026-08-27T13:29:31 IST" duration-ms="2119" status="PASS">
          <params>
            <param index="0">
              <value>
                <![CDATA[chrome]]>
              </value>
            </param>
          </params>
          <reporter-output>
          </reporter-output>
        </test-method> <!-- browserInitialization -->
        <test-method signature="verifyUserIsabletologinwithInvalidUsernameAndValidPassword()[pri:4, instance:test_script.LoginTest@117159c0]" started-at="2026-08-27T13:29:31 IST" name="verifyUserIsabletologinwithInvalidUsernameAndValidPassword" finished-at="2026-08-27T13:29:32 IST" duration-ms="835" status="PASS">
          <reporter-output>
          </reporter-output>
        </test-method> <!-- verifyUserIsabletologinwithInvalidUsernameAndValidPassword -->
        <test-method is-config="true" signature="browserQuitandClose(org.testng.ITestResult)[pri:0, instance:test_script.LoginTest@117159c0]" started-at="2026-08-27T13:29:32 IST" name="browserQuitandClose" finished-at="2026-08-27T13:29:32 IST" duration-ms="2" status="PASS">
          <params>
            <param index="0">
              <value>
                <![CDATA[[TestResult name=verifyUserIsabletologinwithInvalidUsernameAndValidPassword status=SUCCESS method=LoginTest.verifyUserIsabletologinwithInvalidUsernameAndValidPassword()[pri:4, instance:test_script.LoginTest@117159c0] output={null}]]]>
              </value>
            </param>
          </params>
          <reporter-output>
          </reporter-output>
        </test-method> <!-- browserQuitandClose -->
      </class> <!-- test_script.LoginTest -->
    </test> <!-- Test -->
  </suite> <!-- Suite -->
</testng-results>
