<?xml version="1.0" encoding="UTF-8"?>
<!-- Generated by org.testng.reporters.JUnitXMLReporter -->
<testsuite ignored="4" hostname="LAPTOP-1TJHLAK9" failures="0" tests="1" name="ChromeTest" time="5.705" errors="0" timestamp="2026-08-17T23:57:26 IST">
  <testcase classname="test_script.LoginTest" name="verifyUserIsabletologinwithvalidcredentials" time="2.035"/>
  <testcase classname="test_script.LoginTest" name="verifyUserIsabletologinwithInvalidUsernameAndValidPassword" time="0.0">
    <ignored/>
  </testcase> <!-- verifyUserIsabletologinwithInvalidUsernameAndValidPassword -->
  <testcase classname="test_script.LoginTest" name="verifyUserIsabletologinwithInvalidcredentials" time="0.0">
    <ignored/>
  </testcase> <!-- verifyUserIsabletologinwithInvalidcredentials -->
  <testcase classname="test_script.LoginTest" name="verifyUserIsabletologinwithValidUsernameAndInValidPassWord" time="0.0">
    <ignored/>
  </testcase> <!-- verifyUserIsabletologinwithValidUsernameAndInValidPassWord -->
  <testcase classname="test_script.LogoutTest" name="logout" time="0.0">
    <ignored/>
  </testcase> <!-- logout -->
</testsuite> <!-- ChromeTest -->
