<?xml version="1.0" encoding="UTF-8"?>
<!-- Generated by org.testng.reporters.JUnitXMLReporter -->
<testsuite ignored="0" hostname="LAPTOP-1TJHLAK9" failures="0" tests="4" name="Test" time="19.926" errors="0" timestamp="2026-08-27T13:29:32 IST">
  <testcase classname="test_script.LoginTest" name="verifyUserIsabletologinwithvalidcredentials" time="1.911"/>
  <testcase classname="test_script.LoginTest" name="verifyUserIsabletologinwithInvalidcredentials" time="0.781"/>
  <testcase classname="test_script.LoginTest" name="verifyUserIsabletologinwithValidUsernameAndInValidPassWord" time="0.674"/>
  <testcase classname="test_script.LoginTest" name="verifyUserIsabletologinwithInvalidUsernameAndValidPassword" time="0.835"/>
</testsuite> <!-- Test -->
