<?xml version="1.0" encoding="UTF-8"?>
<!-- Generated by org.testng.reporters.JUnitXMLReporter -->
<testsuite ignored="0" hostname="LAPTOP-1TJHLAK9" failures="0" tests="4" name="Test" time="30.393" errors="0" timestamp="2026-08-19T21:34:17 IST">
  <testcase classname="test_script.LoginTest" name="verifyUserIsabletologinwithvalidcredentials" time="3.182"/>
  <testcase classname="test_script.LoginTest" name="verifyUserIsabletologinwithInvalidcredentials" time="0.89"/>
  <testcase classname="test_script.LoginTest" name="verifyUserIsabletologinwithValidUsernameAndInValidPassWord" time="0.995"/>
  <testcase classname="test_script.LoginTest" name="verifyUserIsabletologinwithInvalidUsernameAndValidPassword" time="1.597"/>
</testsuite> <!-- Test -->
